<?xml version="1.0" encoding="UTF-8"?>
<!-- Generated by org.testng.reporters.JUnitReportReporter -->
<testsuite hostname="crh-mb-085" failures="0" tests="3" name="Miscelaneo" time="2.454" errors="0" timestamp="07 Dec 2021 03:26:51 GMT" skipped="0">
  <testcase classname="Miscelaneo" name="Test_404" time="1.464"/>
  <testcase classname="Miscelaneo" name="Test_PING" time="0.488"/>
  <testcase classname="Miscelaneo" name="Test_HOME" time="0.502"/>
</testsuite> <!-- Miscelaneo -->
