<?xml version="1.0" encoding="UTF-8"?>
<!-- Generated by org.testng.reporters.JUnitReportReporter -->
<testsuite hostname="crh-mb-085" failures="0" tests="4" name="Users" time="3.936" errors="0" timestamp="07 Dec 2021 03:26:51 GMT" skipped="0">
  <testcase classname="Users" name="Test_User_Registration_Existing_User" time="0.490"/>
  <testcase classname="Users" name="Test_User_Logout" time="1.066"/>
  <testcase classname="Users" name="Test_User_Login" time="1.846"/>
  <testcase classname="Users" name="Test_User_Registration" time="0.534"/>
</testsuite> <!-- Users -->
